<facets>
  <facet name="test" profile="root_profile" object_type="java.lang.String" class="net.sourceforge.jfacets.initializingfacets.TestInitFacet"/>
</facets>