<facets>
  <facet name="test" profile="root_profile" object_type="java.lang.Object" class="net.sourceforge.jfacets.impl.DefaultFacet"/>
  <facet name="test" profile="standard_role" object_type="java.lang.Object" class="net.sourceforge.jfacets.impl.DefaultFacet"/>
  <facet name="test" profile="admin_role" object_type="java.lang.Object" class="net.sourceforge.jfacets.impl.DefaultFacet"/>
</facets>